<?xml version="1.0" encoding="UTF-8"?>
<!-- Generated by org.testng.reporters.JUnitXMLReporter -->
<testsuite hostname="DESKTOP-PIE8IO8" ignored="0" name="Banking Test" tests="1" failures="1" timestamp="22 Jul 2021 11:59:53 GMT" time="28.753" errors="0">
  <testcase name="addNewCustomer" time="17.956" classname="com.hybridfm.testCases.TC_AddCustomerTest_003">
    <failure type="java.lang.AssertionError" message="expected [true] but found [false]">
      <![CDATA[java.lang.AssertionError: expected [true] but found [false]
at com.hybridfm.testCases.TC_AddCustomerTest_003.addNewCustomer(TC_AddCustomerTest_003.java:64)
... Removed 29 stack frames]]>
    </failure>
  </testcase> <!-- addNewCustomer -->
</testsuite> <!-- Banking Test -->
